# JRE version: OpenJDK Runtime Environment (8.0_202-b03) (build 1.8.0_202-release-1483-b03)
# Java VM: OpenJDK 64-Bit Server VM (25.202-b03 mixed mode windows-amd64 compressed oops)
Heap:
 PSYoungGen      total 465408K, used 332724K [0x00000000e0000000, 0x0000000100000000, 0x0000000100000000)
  eden space 419328K, 74% used [0x00000000e0000000,0x00000000f2f74538,0x00000000f9980000)
  from space 46080K, 47% used [0x00000000f9980000,0x00000000faef8e20,0x00000000fc680000)
  to   space 44544K, 0% used [0x00000000fd480000,0x00000000fd480000,0x0000000100000000)
 ParOldGen       total 197120K, used 78573K [0x00000000a0000000, 0x00000000ac080000, 0x00000000e0000000)
  object space 197120K, 39% used [0x00000000a0000000,0x00000000a4cbb7f0,0x00000000ac080000)
 Metaspace       used 101466K, capacity 104714K, committed 104856K, reserved 1140736K
  class space    used 12891K, capacity 13605K, committed 13720K, reserved 1048576K
GC Heap History (10 events):
Event: 22.085 GC heap before
{Heap before GC invocations=21 (full 4):
 PSYoungGen      total 346624K, used 305152K [0x00000000e0000000, 0x00000000f8300000, 0x0000000100000000)
  eden space 305152K, 100% used [0x00000000e0000000,0x00000000f2a00000,0x00000000f2a00000)
  from space 41472K, 0% used [0x00000000f5200000,0x00000000f5200000,0x00000000f7a80000)
  to   space 40960K, 0% used [0x00000000f2a00000,0x00000000f2a00000,0x00000000f5200000)
 ParOldGen       total 197120K, used 78538K [0x00000000a0000000, 0x00000000ac080000, 0x00000000e0000000)
  object space 197120K, 39% used [0x00000000a0000000,0x00000000a4cb2a88,0x00000000ac080000)
 Metaspace       used 100287K, capacity 103368K, committed 103576K, reserved 1138688K
  class space    used 12769K, capacity 13452K, committed 13464K, reserved 1048576K
Event: 22.133 GC heap after
Heap after GC invocations=21 (full 4):
 PSYoungGen      total 346112K, used 30776K [0x00000000e0000000, 0x00000000fb600000, 0x0000000100000000)
  eden space 305152K, 0% used [0x00000000e0000000,0x00000000e0000000,0x00000000f2a00000)
  from space 40960K, 75% used [0x00000000f2a00000,0x00000000f480e3c0,0x00000000f5200000)
  to   space 44032K, 0% used [0x00000000f8b00000,0x00000000f8b00000,0x00000000fb600000)
 ParOldGen       total 197120K, used 78546K [0x00000000a0000000, 0x00000000ac080000, 0x00000000e0000000)
  object space 197120K, 39% used [0x00000000a0000000,0x00000000a4cb4a88,0x00000000ac080000)
 Metaspace       used 100287K, capacity 103368K, committed 103576K, reserved 1138688K
  class space    used 12769K, capacity 13452K, committed 13464K, reserved 1048576K
}
Event: 22.954 GC heap before
{Heap before GC invocations=22 (full 4):
 PSYoungGen      total 346112K, used 335928K [0x00000000e0000000, 0x00000000fb600000, 0x0000000100000000)
  eden space 305152K, 100% used [0x00000000e0000000,0x00000000f2a00000,0x00000000f2a00000)
  from space 40960K, 75% used [0x00000000f2a00000,0x00000000f480e3c0,0x00000000f5200000)
  to   space 44032K, 0% used [0x00000000f8b00000,0x00000000f8b00000,0x00000000fb600000)
 ParOldGen       total 197120K, used 78546K [0x00000000a0000000, 0x00000000ac080000, 0x00000000e0000000)
  object space 197120K, 39% used [0x00000000a0000000,0x00000000a4cb4a88,0x00000000ac080000)
 Metaspace       used 100469K, capacity 103652K, committed 103960K, reserved 1140736K
  class space    used 12781K, capacity 13492K, committed 13592K, reserved 1048576K
Event: 22.989 GC heap after
Heap after GC invocations=22 (full 4):
 PSYoungGen      total 401408K, used 33412K [0x00000000e0000000, 0x00000000fbf80000, 0x0000000100000000)
  eden space 357376K, 0% used [0x00000000e0000000,0x00000000e0000000,0x00000000f5d00000)
  from space 44032K, 75% used [0x00000000f8b00000,0x00000000faba1138,0x00000000fb600000)
  to   space 47104K, 0% used [0x00000000f5d00000,0x00000000f5d00000,0x00000000f8b00000)
 ParOldGen       total 197120K, used 78554K [0x00000000a0000000, 0x00000000ac080000, 0x00000000e0000000)
  object space 197120K, 39% used [0x00000000a0000000,0x00000000a4cb6a88,0x00000000ac080000)
 Metaspace       used 100469K, capacity 103652K, committed 103960K, reserved 1140736K
  class space    used 12781K, capacity 13492K, committed 13592K, reserved 1048576K
}
Event: 24.021 GC heap before
{Heap before GC invocations=23 (full 4):
 PSYoungGen      total 401408K, used 390788K [0x00000000e0000000, 0x00000000fbf80000, 0x0000000100000000)
  eden space 357376K, 100% used [0x00000000e0000000,0x00000000f5d00000,0x00000000f5d00000)
  from space 44032K, 75% used [0x00000000f8b00000,0x00000000faba1138,0x00000000fb600000)
  to   space 47104K, 0% used [0x00000000f5d00000,0x00000000f5d00000,0x00000000f8b00000)
 ParOldGen       total 197120K, used 78554K [0x00000000a0000000, 0x00000000ac080000, 0x00000000e0000000)
  object space 197120K, 39% used [0x00000000a0000000,0x00000000a4cb6a88,0x00000000ac080000)
 Metaspace       used 100746K, capacity 103958K, committed 104216K, reserved 1140736K
  class space    used 12808K, capacity 13501K, committed 13592K, reserved 1048576K
Event: 24.048 GC heap after
Heap after GC invocations=23 (full 4):
 PSYoungGen      total 404480K, used 30419K [0x00000000e0000000, 0x00000000ffd80000, 0x0000000100000000)
  eden space 357376K, 0% used [0x00000000e0000000,0x00000000e0000000,0x00000000f5d00000)
  from space 47104K, 64% used [0x00000000f5d00000,0x00000000f7ab4f20,0x00000000f8b00000)
  to   space 48640K, 0% used [0x00000000fce00000,0x00000000fce00000,0x00000000ffd80000)
 ParOldGen       total 197120K, used 78562K [0x00000000a0000000, 0x00000000ac080000, 0x00000000e0000000)
  object space 197120K, 39% used [0x00000000a0000000,0x00000000a4cb8a88,0x00000000ac080000)
 Metaspace       used 100746K, capacity 103958K, committed 104216K, reserved 1140736K
  class space    used 12808K, capacity 13501K, committed 13592K, reserved 1048576K
}
Event: 25.201 GC heap before
{Heap before GC invocations=24 (full 4):
 PSYoungGen      total 404480K, used 387795K [0x00000000e0000000, 0x00000000ffd80000, 0x0000000100000000)
  eden space 357376K, 100% used [0x00000000e0000000,0x00000000f5d00000,0x00000000f5d00000)
  from space 47104K, 64% used [0x00000000f5d00000,0x00000000f7ab4f20,0x00000000f8b00000)
  to   space 48640K, 0% used [0x00000000fce00000,0x00000000fce00000,0x00000000ffd80000)
 ParOldGen       total 197120K, used 78563K [0x00000000a0000000, 0x00000000ac080000, 0x00000000e0000000)
  object space 197120K, 39% used [0x00000000a0000000,0x00000000a4cb8ea8,0x00000000ac080000)
 Metaspace       used 100891K, capacity 104094K, committed 104216K, reserved 1140736K
  class space    used 12812K, capacity 13503K, committed 13592K, reserved 1048576K
Event: 25.217 GC heap after
Heap after GC invocations=24 (full 4):
 PSYoungGen      total 457728K, used 17916K [0x00000000e0000000, 0x00000000ff380000, 0x0000000100000000)
  eden space 419328K, 0% used [0x00000000e0000000,0x00000000e0000000,0x00000000f9980000)
  from space 38400K, 46% used [0x00000000fce00000,0x00000000fdf7f070,0x00000000ff380000)
  to   space 46080K, 0% used [0x00000000f9980000,0x00000000f9980000,0x00000000fc680000)
 ParOldGen       total 197120K, used 78571K [0x00000000a0000000, 0x00000000ac080000, 0x00000000e0000000)
  object space 197120K, 39% used [0x00000000a0000000,0x00000000a4cbaea8,0x00000000ac080000)
 Metaspace       used 100891K, capacity 104094K, committed 104216K, reserved 1140736K
  class space    used 12812K, capacity 13503K, committed 13592K, reserved 1048576K
}
Event: 26.235 GC heap before
{Heap before GC invocations=25 (full 4):
 PSYoungGen      total 457728K, used 437244K [0x00000000e0000000, 0x00000000ff380000, 0x0000000100000000)
  eden space 419328K, 100% used [0x00000000e0000000,0x00000000f9980000,0x00000000f9980000)
  from space 38400K, 46% used [0x00000000fce00000,0x00000000fdf7f070,0x00000000ff380000)
  to   space 46080K, 0% used [0x00000000f9980000,0x00000000f9980000,0x00000000fc680000)
 ParOldGen       total 197120K, used 78573K [0x00000000a0000000, 0x00000000ac080000, 0x00000000e0000000)
  object space 197120K, 39% used [0x00000000a0000000,0x00000000a4cbb7f0,0x00000000ac080000)
 Metaspace       used 101389K, capacity 104702K, committed 104856K, reserved 1140736K
  class space    used 12890K, capacity 13605K, committed 13720K, reserved 1048576K
Event: 26.262 GC heap after
Heap after GC invocations=25 (full 4):
 PSYoungGen      total 465408K, used 21987K [0x00000000e0000000, 0x0000000100000000, 0x0000000100000000)
  eden space 419328K, 0% used [0x00000000e0000000,0x00000000e0000000,0x00000000f9980000)
  from space 46080K, 47% used [0x00000000f9980000,0x00000000faef8e20,0x00000000fc680000)
  to   space 44544K, 0% used [0x00000000fd480000,0x00000000fd480000,0x0000000100000000)
 ParOldGen       total 197120K, used 78573K [0x00000000a0000000, 0x00000000ac080000, 0x00000000e0000000)
  object space 197120K, 39% used [0x00000000a0000000,0x00000000a4cbb7f0,0x00000000ac080000)
 Metaspace       used 101389K, capacity 104702K, committed 104856K, reserved 1140736K
  class space    used 12890K, capacity 13605K, committed 13720K, reserved 1048576K
}

