# JRE version: OpenJDK Runtime Environment (8.0_202-b03) (build 1.8.0_202-release-1483-b03)
# Java VM: OpenJDK 64-Bit Server VM (25.202-b03 mixed mode windows-amd64 compressed oops)
Heap:
 PSYoungGen      total 235520K, used 182378K [0x00000000e0000000, 0x00000000f2300000, 0x0000000100000000)
  eden space 216576K, 75% used [0x00000000e0000000,0x00000000e9f9aa30,0x00000000ed380000)
  from space 18944K, 99% used [0x00000000ed380000,0x00000000ee5fffb0,0x00000000ee600000)
  to   space 26624K, 0% used [0x00000000f0900000,0x00000000f0900000,0x00000000f2300000)
 ParOldGen       total 109568K, used 64186K [0x00000000a0000000, 0x00000000a6b00000, 0x00000000e0000000)
  object space 109568K, 58% used [0x00000000a0000000,0x00000000a3eae830,0x00000000a6b00000)
 Metaspace       used 92337K, capacity 94800K, committed 94872K, reserved 1132544K
  class space    used 11831K, capacity 12406K, committed 12456K, reserved 1048576K
GC Heap History (10 events):
Event: 15.148 GC heap before
{Heap before GC invocations=16 (full 2):
 PSYoungGen      total 149504K, used 78731K [0x00000000e0000000, 0x00000000ec580000, 0x0000000100000000)
  eden space 136704K, 49% used [0x00000000e0000000,0x00000000e426bca8,0x00000000e8580000)
  from space 12800K, 83% used [0x00000000e8580000,0x00000000e8ff7320,0x00000000e9200000)
  to   space 13824K, 0% used [0x00000000eb800000,0x00000000eb800000,0x00000000ec580000)
 ParOldGen       total 74240K, used 21912K [0x00000000a0000000, 0x00000000a4880000, 0x00000000e0000000)
  object space 74240K, 29% used [0x00000000a0000000,0x00000000a15661d0,0x00000000a4880000)
 Metaspace       used 57641K, capacity 59080K, committed 59160K, reserved 1099776K
  class space    used 7748K, capacity 8181K, committed 8232K, reserved 1048576K
Event: 15.179 GC heap after
Heap after GC invocations=16 (full 2):
 PSYoungGen      total 188928K, used 8007K [0x00000000e0000000, 0x00000000ed280000, 0x0000000100000000)
  eden space 175104K, 0% used [0x00000000e0000000,0x00000000e0000000,0x00000000eab00000)
  from space 13824K, 57% used [0x00000000eb800000,0x00000000ebfd1d68,0x00000000ec580000)
  to   space 13312K, 0% used [0x00000000eab00000,0x00000000eab00000,0x00000000eb800000)
 ParOldGen       total 74240K, used 27339K [0x00000000a0000000, 0x00000000a4880000, 0x00000000e0000000)
  object space 74240K, 36% used [0x00000000a0000000,0x00000000a1ab2ca0,0x00000000a4880000)
 Metaspace       used 57641K, capacity 59080K, committed 59160K, reserved 1099776K
  class space    used 7748K, capacity 8181K, committed 8232K, reserved 1048576K
}
Event: 15.179 GC heap before
{Heap before GC invocations=17 (full 3):
 PSYoungGen      total 188928K, used 8007K [0x00000000e0000000, 0x00000000ed280000, 0x0000000100000000)
  eden space 175104K, 0% used [0x00000000e0000000,0x00000000e0000000,0x00000000eab00000)
  from space 13824K, 57% used [0x00000000eb800000,0x00000000ebfd1d68,0x00000000ec580000)
  to   space 13312K, 0% used [0x00000000eab00000,0x00000000eab00000,0x00000000eb800000)
 ParOldGen       total 74240K, used 27339K [0x00000000a0000000, 0x00000000a4880000, 0x00000000e0000000)
  object space 74240K, 36% used [0x00000000a0000000,0x00000000a1ab2ca0,0x00000000a4880000)
 Metaspace       used 57641K, capacity 59080K, committed 59160K, reserved 1099776K
  class space    used 7748K, capacity 8181K, committed 8232K, reserved 1048576K
Event: 15.486 GC heap after
Heap after GC invocations=17 (full 3):
 PSYoungGen      total 188928K, used 0K [0x00000000e0000000, 0x00000000ed280000, 0x0000000100000000)
  eden space 175104K, 0% used [0x00000000e0000000,0x00000000e0000000,0x00000000eab00000)
  from space 13824K, 0% used [0x00000000eb800000,0x00000000eb800000,0x00000000ec580000)
  to   space 13312K, 0% used [0x00000000eab00000,0x00000000eab00000,0x00000000eb800000)
 ParOldGen       total 109568K, used 33588K [0x00000000a0000000, 0x00000000a6b00000, 0x00000000e0000000)
  object space 109568K, 30% used [0x00000000a0000000,0x00000000a20cd088,0x00000000a6b00000)
 Metaspace       used 57641K, capacity 59080K, committed 59160K, reserved 1099776K
  class space    used 7748K, capacity 8181K, committed 8232K, reserved 1048576K
}
Event: 18.172 GC heap before
{Heap before GC invocations=18 (full 3):
 PSYoungGen      total 188928K, used 175104K [0x00000000e0000000, 0x00000000ed280000, 0x0000000100000000)
  eden space 175104K, 100% used [0x00000000e0000000,0x00000000eab00000,0x00000000eab00000)
  from space 13824K, 0% used [0x00000000eb800000,0x00000000eb800000,0x00000000ec580000)
  to   space 13312K, 0% used [0x00000000eab00000,0x00000000eab00000,0x00000000eb800000)
 ParOldGen       total 109568K, used 33588K [0x00000000a0000000, 0x00000000a6b00000, 0x00000000e0000000)
  object space 109568K, 30% used [0x00000000a0000000,0x00000000a20cd088,0x00000000a6b00000)
 Metaspace       used 63192K, capacity 65036K, committed 65304K, reserved 1105920K
  class space    used 8475K, capacity 8924K, committed 9000K, reserved 1048576K
Event: 18.195 GC heap after
Heap after GC invocations=18 (full 3):
 PSYoungGen      total 188416K, used 13304K [0x00000000e0000000, 0x00000000ef880000, 0x0000000100000000)
  eden space 175104K, 0% used [0x00000000e0000000,0x00000000e0000000,0x00000000eab00000)
  from space 13312K, 99% used [0x00000000eab00000,0x00000000eb7fe050,0x00000000eb800000)
  to   space 16896K, 0% used [0x00000000ee800000,0x00000000ee800000,0x00000000ef880000)
 ParOldGen       total 109568K, used 37524K [0x00000000a0000000, 0x00000000a6b00000, 0x00000000e0000000)
  object space 109568K, 34% used [0x00000000a0000000,0x00000000a24a5140,0x00000000a6b00000)
 Metaspace       used 63192K, capacity 65036K, committed 65304K, reserved 1105920K
  class space    used 8475K, capacity 8924K, committed 9000K, reserved 1048576K
}
Event: 22.333 GC heap before
{Heap before GC invocations=19 (full 3):
 PSYoungGen      total 188416K, used 188408K [0x00000000e0000000, 0x00000000ef880000, 0x0000000100000000)
  eden space 175104K, 100% used [0x00000000e0000000,0x00000000eab00000,0x00000000eab00000)
  from space 13312K, 99% used [0x00000000eab00000,0x00000000eb7fe050,0x00000000eb800000)
  to   space 16896K, 0% used [0x00000000ee800000,0x00000000ee800000,0x00000000ef880000)
 ParOldGen       total 109568K, used 37524K [0x00000000a0000000, 0x00000000a6b00000, 0x00000000e0000000)
  object space 109568K, 34% used [0x00000000a0000000,0x00000000a24a5140,0x00000000a6b00000)
 Metaspace       used 67348K, capacity 69354K, committed 69656K, reserved 1110016K
  class space    used 9018K, capacity 9493K, committed 9512K, reserved 1048576K
Event: 22.367 GC heap after
Heap after GC invocations=19 (full 3):
 PSYoungGen      total 232448K, used 16773K [0x00000000e0000000, 0x00000000ef880000, 0x0000000100000000)
  eden space 215552K, 0% used [0x00000000e0000000,0x00000000e0000000,0x00000000ed280000)
  from space 16896K, 99% used [0x00000000ee800000,0x00000000ef861638,0x00000000ef880000)
  to   space 18944K, 0% used [0x00000000ed380000,0x00000000ed380000,0x00000000ee600000)
 ParOldGen       total 109568K, used 50496K [0x00000000a0000000, 0x00000000a6b00000, 0x00000000e0000000)
  object space 109568K, 46% used [0x00000000a0000000,0x00000000a3150040,0x00000000a6b00000)
 Metaspace       used 67348K, capacity 69354K, committed 69656K, reserved 1110016K
  class space    used 9018K, capacity 9493K, committed 9512K, reserved 1048576K
}
Event: 28.987 GC heap before
{Heap before GC invocations=20 (full 3):
 PSYoungGen      total 232448K, used 232325K [0x00000000e0000000, 0x00000000ef880000, 0x0000000100000000)
  eden space 215552K, 100% used [0x00000000e0000000,0x00000000ed280000,0x00000000ed280000)
  from space 16896K, 99% used [0x00000000ee800000,0x00000000ef861638,0x00000000ef880000)
  to   space 18944K, 0% used [0x00000000ed380000,0x00000000ed380000,0x00000000ee600000)
 ParOldGen       total 109568K, used 50496K [0x00000000a0000000, 0x00000000a6b00000, 0x00000000e0000000)
  object space 109568K, 46% used [0x00000000a0000000,0x00000000a3150040,0x00000000a6b00000)
 Metaspace       used 82159K, capacity 84498K, committed 84760K, reserved 1122304K
  class space    used 10935K, capacity 11501K, committed 11560K, reserved 1048576K
Event: 29.020 GC heap after
Heap after GC invocations=20 (full 3):
 PSYoungGen      total 235520K, used 18943K [0x00000000e0000000, 0x00000000f2300000, 0x0000000100000000)
  eden space 216576K, 0% used [0x00000000e0000000,0x00000000e0000000,0x00000000ed380000)
  from space 18944K, 99% used [0x00000000ed380000,0x00000000ee5fffb0,0x00000000ee600000)
  to   space 26624K, 0% used [0x00000000f0900000,0x00000000f0900000,0x00000000f2300000)
 ParOldGen       total 109568K, used 64186K [0x00000000a0000000, 0x00000000a6b00000, 0x00000000e0000000)
  object space 109568K, 58% used [0x00000000a0000000,0x00000000a3eae830,0x00000000a6b00000)
 Metaspace       used 82159K, capacity 84498K, committed 84760K, reserved 1122304K
  class space    used 10935K, capacity 11501K, committed 11560K, reserved 1048576K
}

