# JRE version: OpenJDK Runtime Environment (8.0_202-b03) (build 1.8.0_202-release-1483-b03)
# Java VM: OpenJDK 64-Bit Server VM (25.202-b03 mixed mode windows-amd64 compressed oops)
Heap:
 PSYoungGen      total 318464K, used 265643K [0x00000000e0000000, 0x00000000f6800000, 0x0000000100000000)
  eden space 279552K, 81% used [0x00000000e0000000,0x00000000edecef48,0x00000000f1100000)
  from space 38912K, 96% used [0x00000000f1100000,0x00000000f359bfc0,0x00000000f3700000)
  to   space 37376K, 0% used [0x00000000f3700000,0x00000000f3700000,0x00000000f5b80000)
 ParOldGen       total 229888K, used 88676K [0x00000000a0000000, 0x00000000ae080000, 0x00000000e0000000)
  object space 229888K, 38% used [0x00000000a0000000,0x00000000a5699150,0x00000000ae080000)
 Metaspace       used 114724K, capacity 120248K, committed 120488K, reserved 1155072K
  class space    used 14623K, capacity 15700K, committed 15784K, reserved 1048576K
GC Heap History (10 events):
Event: 81.224 GC heap before
{Heap before GC invocations=21 (full 3):
 PSYoungGen      total 274944K, used 270756K [0x00000000e0000000, 0x00000000f4000000, 0x0000000100000000)
  eden space 247296K, 100% used [0x00000000e0000000,0x00000000ef180000,0x00000000ef180000)
  from space 27648K, 84% used [0x00000000ef180000,0x00000000f08692a0,0x00000000f0c80000)
  to   space 29696K, 0% used [0x00000000f2300000,0x00000000f2300000,0x00000000f4000000)
 ParOldGen       total 124928K, used 61544K [0x00000000a0000000, 0x00000000a7a00000, 0x00000000e0000000)
  object space 124928K, 49% used [0x00000000a0000000,0x00000000a3c1a3b0,0x00000000a7a00000)
 Metaspace       used 82730K, capacity 86766K, committed 86952K, reserved 1124352K
  class space    used 10734K, capacity 11609K, committed 11688K, reserved 1048576K
Event: 81.257 GC heap after
Heap after GC invocations=21 (full 3):
 PSYoungGen      total 294912K, used 24292K [0x00000000e0000000, 0x00000000f4200000, 0x0000000100000000)
  eden space 265216K, 0% used [0x00000000e0000000,0x00000000e0000000,0x00000000f0300000)
  from space 29696K, 81% used [0x00000000f2300000,0x00000000f3ab9120,0x00000000f4000000)
  to   space 32256K, 0% used [0x00000000f0300000,0x00000000f0300000,0x00000000f2280000)
 ParOldGen       total 124928K, used 61552K [0x00000000a0000000, 0x00000000a7a00000, 0x00000000e0000000)
  object space 124928K, 49% used [0x00000000a0000000,0x00000000a3c1c3b0,0x00000000a7a00000)
 Metaspace       used 82730K, capacity 86766K, committed 86952K, reserved 1124352K
  class space    used 10734K, capacity 11609K, committed 11688K, reserved 1048576K
}
Event: 102.515 GC heap before
{Heap before GC invocations=22 (full 3):
 PSYoungGen      total 294912K, used 289508K [0x00000000e0000000, 0x00000000f4200000, 0x0000000100000000)
  eden space 265216K, 100% used [0x00000000e0000000,0x00000000f0300000,0x00000000f0300000)
  from space 29696K, 81% used [0x00000000f2300000,0x00000000f3ab9120,0x00000000f4000000)
  to   space 32256K, 0% used [0x00000000f0300000,0x00000000f0300000,0x00000000f2280000)
 ParOldGen       total 124928K, used 61552K [0x00000000a0000000, 0x00000000a7a00000, 0x00000000e0000000)
  object space 124928K, 49% used [0x00000000a0000000,0x00000000a3c1c3b0,0x00000000a7a00000)
 Metaspace       used 85663K, capacity 90224K, committed 90408K, reserved 1128448K
  class space    used 11111K, capacity 12042K, committed 12072K, reserved 1048576K
Event: 102.549 GC heap after
Heap after GC invocations=22 (full 3):
 PSYoungGen      total 297472K, used 32255K [0x00000000e0000000, 0x00000000f5b80000, 0x0000000100000000)
  eden space 265216K, 0% used [0x00000000e0000000,0x00000000e0000000,0x00000000f0300000)
  from space 32256K, 99% used [0x00000000f0300000,0x00000000f227fe90,0x00000000f2280000)
  to   space 37376K, 0% used [0x00000000f3700000,0x00000000f3700000,0x00000000f5b80000)
 ParOldGen       total 124928K, used 62530K [0x00000000a0000000, 0x00000000a7a00000, 0x00000000e0000000)
  object space 124928K, 50% used [0x00000000a0000000,0x00000000a3d10ac0,0x00000000a7a00000)
 Metaspace       used 85663K, capacity 90224K, committed 90408K, reserved 1128448K
  class space    used 11111K, capacity 12042K, committed 12072K, reserved 1048576K
}
Event: 104.086 GC heap before
{Heap before GC invocations=23 (full 3):
 PSYoungGen      total 297472K, used 179398K [0x00000000e0000000, 0x00000000f5b80000, 0x0000000100000000)
  eden space 265216K, 55% used [0x00000000e0000000,0x00000000e8fb1ac0,0x00000000f0300000)
  from space 32256K, 99% used [0x00000000f0300000,0x00000000f227fe90,0x00000000f2280000)
  to   space 37376K, 0% used [0x00000000f3700000,0x00000000f3700000,0x00000000f5b80000)
 ParOldGen       total 124928K, used 62530K [0x00000000a0000000, 0x00000000a7a00000, 0x00000000e0000000)
  object space 124928K, 50% used [0x00000000a0000000,0x00000000a3d10ac0,0x00000000a7a00000)
 Metaspace       used 93588K, capacity 98290K, committed 98600K, reserved 1134592K
  class space    used 11967K, capacity 12901K, committed 12968K, reserved 1048576K
Event: 104.126 GC heap after
Heap after GC invocations=23 (full 3):
 PSYoungGen      total 316928K, used 27225K [0x00000000e0000000, 0x00000000f6800000, 0x0000000100000000)
  eden space 279552K, 0% used [0x00000000e0000000,0x00000000e0000000,0x00000000f1100000)
  from space 37376K, 72% used [0x00000000f3700000,0x00000000f5196478,0x00000000f5b80000)
  to   space 38912K, 0% used [0x00000000f1100000,0x00000000f1100000,0x00000000f3700000)
 ParOldGen       total 124928K, used 76540K [0x00000000a0000000, 0x00000000a7a00000, 0x00000000e0000000)
  object space 124928K, 61% used [0x00000000a0000000,0x00000000a4abf170,0x00000000a7a00000)
 Metaspace       used 93588K, capacity 98290K, committed 98600K, reserved 1134592K
  class space    used 11967K, capacity 12901K, committed 12968K, reserved 1048576K
}
Event: 104.126 GC heap before
{Heap before GC invocations=24 (full 4):
 PSYoungGen      total 316928K, used 27225K [0x00000000e0000000, 0x00000000f6800000, 0x0000000100000000)
  eden space 279552K, 0% used [0x00000000e0000000,0x00000000e0000000,0x00000000f1100000)
  from space 37376K, 72% used [0x00000000f3700000,0x00000000f5196478,0x00000000f5b80000)
  to   space 38912K, 0% used [0x00000000f1100000,0x00000000f1100000,0x00000000f3700000)
 ParOldGen       total 124928K, used 76540K [0x00000000a0000000, 0x00000000a7a00000, 0x00000000e0000000)
  object space 124928K, 61% used [0x00000000a0000000,0x00000000a4abf170,0x00000000a7a00000)
 Metaspace       used 93588K, capacity 98290K, committed 98600K, reserved 1134592K
  class space    used 11967K, capacity 12901K, committed 12968K, reserved 1048576K
Event: 104.583 GC heap after
Heap after GC invocations=24 (full 4):
 PSYoungGen      total 316928K, used 0K [0x00000000e0000000, 0x00000000f6800000, 0x0000000100000000)
  eden space 279552K, 0% used [0x00000000e0000000,0x00000000e0000000,0x00000000f1100000)
  from space 37376K, 0% used [0x00000000f3700000,0x00000000f3700000,0x00000000f5b80000)
  to   space 38912K, 0% used [0x00000000f1100000,0x00000000f1100000,0x00000000f3700000)
 ParOldGen       total 229888K, used 88652K [0x00000000a0000000, 0x00000000ae080000, 0x00000000e0000000)
  object space 229888K, 38% used [0x00000000a0000000,0x00000000a5693130,0x00000000ae080000)
 Metaspace       used 93546K, capacity 98170K, committed 98600K, reserved 1134592K
  class space    used 11956K, capacity 12861K, committed 12968K, reserved 1048576K
}
Event: 108.294 GC heap before
{Heap before GC invocations=25 (full 4):
 PSYoungGen      total 316928K, used 279552K [0x00000000e0000000, 0x00000000f6800000, 0x0000000100000000)
  eden space 279552K, 100% used [0x00000000e0000000,0x00000000f1100000,0x00000000f1100000)
  from space 37376K, 0% used [0x00000000f3700000,0x00000000f3700000,0x00000000f5b80000)
  to   space 38912K, 0% used [0x00000000f1100000,0x00000000f1100000,0x00000000f3700000)
 ParOldGen       total 229888K, used 88668K [0x00000000a0000000, 0x00000000ae080000, 0x00000000e0000000)
  object space 229888K, 38% used [0x00000000a0000000,0x00000000a5697150,0x00000000ae080000)
 Metaspace       used 105494K, capacity 110324K, committed 110760K, reserved 1144832K
  class space    used 13461K, capacity 14412K, committed 14504K, reserved 1048576K
Event: 108.328 GC heap after
Heap after GC invocations=25 (full 4):
 PSYoungGen      total 318464K, used 37487K [0x00000000e0000000, 0x00000000f6800000, 0x0000000100000000)
  eden space 279552K, 0% used [0x00000000e0000000,0x00000000e0000000,0x00000000f1100000)
  from space 38912K, 96% used [0x00000000f1100000,0x00000000f359bfc0,0x00000000f3700000)
  to   space 37376K, 0% used [0x00000000f3700000,0x00000000f3700000,0x00000000f5b80000)
 ParOldGen       total 229888K, used 88676K [0x00000000a0000000, 0x00000000ae080000, 0x00000000e0000000)
  object space 229888K, 38% used [0x00000000a0000000,0x00000000a5699150,0x00000000ae080000)
 Metaspace       used 105494K, capacity 110324K, committed 110760K, reserved 1144832K
  class space    used 13461K, capacity 14412K, committed 14504K, reserved 1048576K
}

