# JRE version: OpenJDK Runtime Environment (8.0_202-b03) (build 1.8.0_202-release-1483-b03)
# Java VM: OpenJDK 64-Bit Server VM (25.202-b03 mixed mode windows-amd64 compressed oops)
Heap:
 PSYoungGen      total 467968K, used 294507K [0x00000000e0000000, 0x00000000ffd80000, 0x0000000100000000)
  eden space 415232K, 67% used [0x00000000e0000000,0x00000000f10572b0,0x00000000f9580000)
  from space 52736K, 29% used [0x00000000fca00000,0x00000000fd9439c8,0x00000000ffd80000)
  to   space 53248K, 0% used [0x00000000f9580000,0x00000000f9580000,0x00000000fc980000)
 ParOldGen       total 202752K, used 89772K [0x00000000a0000000, 0x00000000ac600000, 0x00000000e0000000)
  object space 202752K, 44% used [0x00000000a0000000,0x00000000a57ab338,0x00000000ac600000)
 Metaspace       used 100959K, capacity 104138K, committed 104472K, reserved 1140736K
  class space    used 12811K, capacity 13489K, committed 13592K, reserved 1048576K
GC Heap History (10 events):
Event: 23.325 GC heap before
{Heap before GC invocations=22 (full 4):
 PSYoungGen      total 324608K, used 279040K [0x00000000e0000000, 0x00000000f9c80000, 0x0000000100000000)
  eden space 279040K, 100% used [0x00000000e0000000,0x00000000f1080000,0x00000000f1080000)
  from space 45568K, 0% used [0x00000000f1080000,0x00000000f1080000,0x00000000f3d00000)
  to   space 45056K, 0% used [0x00000000f7080000,0x00000000f7080000,0x00000000f9c80000)
 ParOldGen       total 202752K, used 76810K [0x00000000a0000000, 0x00000000ac600000, 0x00000000e0000000)
  object space 202752K, 37% used [0x00000000a0000000,0x00000000a4b02800,0x00000000ac600000)
 Metaspace       used 100283K, capacity 103336K, committed 103576K, reserved 1138688K
  class space    used 12762K, capacity 13434K, committed 13464K, reserved 1048576K
Event: 23.364 GC heap after
Heap after GC invocations=22 (full 4):
 PSYoungGen      total 374784K, used 29781K [0x00000000e0000000, 0x00000000f9f80000, 0x0000000100000000)
  eden space 329728K, 0% used [0x00000000e0000000,0x00000000e0000000,0x00000000f4200000)
  from space 45056K, 66% used [0x00000000f7080000,0x00000000f8d956d0,0x00000000f9c80000)
  to   space 47616K, 0% used [0x00000000f4200000,0x00000000f4200000,0x00000000f7080000)
 ParOldGen       total 202752K, used 76818K [0x00000000a0000000, 0x00000000ac600000, 0x00000000e0000000)
  object space 202752K, 37% used [0x00000000a0000000,0x00000000a4b04800,0x00000000ac600000)
 Metaspace       used 100283K, capacity 103336K, committed 103576K, reserved 1138688K
  class space    used 12762K, capacity 13434K, committed 13464K, reserved 1048576K
}
Event: 24.536 GC heap before
{Heap before GC invocations=23 (full 4):
 PSYoungGen      total 374784K, used 359509K [0x00000000e0000000, 0x00000000f9f80000, 0x0000000100000000)
  eden space 329728K, 100% used [0x00000000e0000000,0x00000000f4200000,0x00000000f4200000)
  from space 45056K, 66% used [0x00000000f7080000,0x00000000f8d956d0,0x00000000f9c80000)
  to   space 47616K, 0% used [0x00000000f4200000,0x00000000f4200000,0x00000000f7080000)
 ParOldGen       total 202752K, used 76818K [0x00000000a0000000, 0x00000000ac600000, 0x00000000e0000000)
  object space 202752K, 37% used [0x00000000a0000000,0x00000000a4b04800,0x00000000ac600000)
 Metaspace       used 100452K, capacity 103578K, committed 103832K, reserved 1140736K
  class space    used 12771K, capacity 13441K, committed 13464K, reserved 1048576K
Event: 24.572 GC heap after
Heap after GC invocations=23 (full 4):
 PSYoungGen      total 377344K, used 33562K [0x00000000e0000000, 0x00000000fe080000, 0x0000000100000000)
  eden space 329728K, 0% used [0x00000000e0000000,0x00000000e0000000,0x00000000f4200000)
  from space 47616K, 70% used [0x00000000f4200000,0x00000000f62c6ad0,0x00000000f7080000)
  to   space 50688K, 0% used [0x00000000faf00000,0x00000000faf00000,0x00000000fe080000)
 ParOldGen       total 202752K, used 76826K [0x00000000a0000000, 0x00000000ac600000, 0x00000000e0000000)
  object space 202752K, 37% used [0x00000000a0000000,0x00000000a4b06800,0x00000000ac600000)
 Metaspace       used 100452K, capacity 103578K, committed 103832K, reserved 1140736K
  class space    used 12771K, capacity 13441K, committed 13464K, reserved 1048576K
}
Event: 25.720 GC heap before
{Heap before GC invocations=24 (full 4):
 PSYoungGen      total 377344K, used 363290K [0x00000000e0000000, 0x00000000fe080000, 0x0000000100000000)
  eden space 329728K, 100% used [0x00000000e0000000,0x00000000f4200000,0x00000000f4200000)
  from space 47616K, 70% used [0x00000000f4200000,0x00000000f62c6ad0,0x00000000f7080000)
  to   space 50688K, 0% used [0x00000000faf00000,0x00000000faf00000,0x00000000fe080000)
 ParOldGen       total 202752K, used 76829K [0x00000000a0000000, 0x00000000ac600000, 0x00000000e0000000)
  object space 202752K, 37% used [0x00000000a0000000,0x00000000a4b07620,0x00000000ac600000)
 Metaspace       used 100733K, capacity 103906K, committed 104216K, reserved 1140736K
  class space    used 12800K, capacity 13481K, committed 13592K, reserved 1048576K
Event: 25.788 GC heap after
Heap after GC invocations=24 (full 4):
 PSYoungGen      total 438272K, used 35436K [0x00000000e0000000, 0x00000000fed80000, 0x0000000100000000)
  eden space 387584K, 0% used [0x00000000e0000000,0x00000000e0000000,0x00000000f7a80000)
  from space 50688K, 69% used [0x00000000faf00000,0x00000000fd19b360,0x00000000fe080000)
  to   space 53760K, 0% used [0x00000000f7a80000,0x00000000f7a80000,0x00000000faf00000)
 ParOldGen       total 202752K, used 76829K [0x00000000a0000000, 0x00000000ac600000, 0x00000000e0000000)
  object space 202752K, 37% used [0x00000000a0000000,0x00000000a4b07620,0x00000000ac600000)
 Metaspace       used 100733K, capacity 103906K, committed 104216K, reserved 1140736K
  class space    used 12800K, capacity 13481K, committed 13592K, reserved 1048576K
}
Event: 25.794 GC heap before
{Heap before GC invocations=25 (full 4):
 PSYoungGen      total 438272K, used 40007K [0x00000000e0000000, 0x00000000fed80000, 0x0000000100000000)
  eden space 387584K, 1% used [0x00000000e0000000,0x00000000e0476960,0x00000000f7a80000)
  from space 50688K, 69% used [0x00000000faf00000,0x00000000fd19b360,0x00000000fe080000)
  to   space 53760K, 0% used [0x00000000f7a80000,0x00000000f7a80000,0x00000000faf00000)
 ParOldGen       total 202752K, used 76829K [0x00000000a0000000, 0x00000000ac600000, 0x00000000e0000000)
  object space 202752K, 37% used [0x00000000a0000000,0x00000000a4b07620,0x00000000ac600000)
 Metaspace       used 100733K, capacity 103906K, committed 104216K, reserved 1140736K
  class space    used 12800K, capacity 13481K, committed 13592K, reserved 1048576K
Event: 25.875 GC heap after
Heap after GC invocations=25 (full 4):
 PSYoungGen      total 441344K, used 34427K [0x00000000e0000000, 0x0000000100000000, 0x0000000100000000)
  eden space 387584K, 0% used [0x00000000e0000000,0x00000000e0000000,0x00000000f7a80000)
  from space 53760K, 64% used [0x00000000f7a80000,0x00000000f9c1ee50,0x00000000faf00000)
  to   space 55296K, 0% used [0x00000000fca00000,0x00000000fca00000,0x0000000100000000)
 ParOldGen       total 202752K, used 76829K [0x00000000a0000000, 0x00000000ac600000, 0x00000000e0000000)
  object space 202752K, 37% used [0x00000000a0000000,0x00000000a4b07620,0x00000000ac600000)
 Metaspace       used 100733K, capacity 103906K, committed 104216K, reserved 1140736K
  class space    used 12800K, capacity 13481K, committed 13592K, reserved 1048576K
}
Event: 27.551 GC heap before
{Heap before GC invocations=26 (full 4):
 PSYoungGen      total 441344K, used 422011K [0x00000000e0000000, 0x0000000100000000, 0x0000000100000000)
  eden space 387584K, 100% used [0x00000000e0000000,0x00000000f7a80000,0x00000000f7a80000)
  from space 53760K, 64% used [0x00000000f7a80000,0x00000000f9c1ee50,0x00000000faf00000)
  to   space 55296K, 0% used [0x00000000fca00000,0x00000000fca00000,0x0000000100000000)
 ParOldGen       total 202752K, used 76829K [0x00000000a0000000, 0x00000000ac600000, 0x00000000e0000000)
  object space 202752K, 37% used [0x00000000a0000000,0x00000000a4b07620,0x00000000ac600000)
 Metaspace       used 100897K, capacity 104064K, committed 104216K, reserved 1140736K
  class space    used 12806K, capacity 13486K, committed 13592K, reserved 1048576K
Event: 27.578 GC heap after
Heap after GC invocations=26 (full 4):
 PSYoungGen      total 467968K, used 15630K [0x00000000e0000000, 0x00000000ffd80000, 0x0000000100000000)
  eden space 415232K, 0% used [0x00000000e0000000,0x00000000e0000000,0x00000000f9580000)
  from space 52736K, 29% used [0x00000000fca00000,0x00000000fd9439c8,0x00000000ffd80000)
  to   space 53248K, 0% used [0x00000000f9580000,0x00000000f9580000,0x00000000fc980000)
 ParOldGen       total 202752K, used 89772K [0x00000000a0000000, 0x00000000ac600000, 0x00000000e0000000)
  object space 202752K, 44% used [0x00000000a0000000,0x00000000a57ab338,0x00000000ac600000)
 Metaspace       used 100897K, capacity 104064K, committed 104216K, reserved 1140736K
  class space    used 12806K, capacity 13486K, committed 13592K, reserved 1048576K
}

