# JRE version: OpenJDK Runtime Environment (8.0_202-b03) (build 1.8.0_202-release-1483-b03)
# Java VM: OpenJDK 64-Bit Server VM (25.202-b03 mixed mode windows-amd64 compressed oops)
Heap:
 PSYoungGen      total 440832K, used 80549K [0x00000000e0000000, 0x0000000100000000, 0x0000000100000000)
  eden space 364544K, 7% used [0x00000000e0000000,0x00000000e1c72a00,0x00000000f6400000)
  from space 76288K, 67% used [0x00000000fb580000,0x00000000fe7b6c58,0x0000000100000000)
  to   space 79872K, 0% used [0x00000000f6400000,0x00000000f6400000,0x00000000fb200000)
 ParOldGen       total 291328K, used 207639K [0x00000000a0000000, 0x00000000b1c80000, 0x00000000e0000000)
  object space 291328K, 71% used [0x00000000a0000000,0x00000000acac5e80,0x00000000b1c80000)
 Metaspace       used 131336K, capacity 136264K, committed 136536K, reserved 1169408K
  class space    used 16457K, capacity 17477K, committed 17536K, reserved 1048576K
GC Heap History (10 events):
Event: 328.599 GC heap before
{Heap before GC invocations=25 (full 5):
 PSYoungGen      total 351232K, used 25598K [0x00000000e0000000, 0x00000000fc280000, 0x0000000100000000)
  eden space 325632K, 0% used [0x00000000e0000000,0x00000000e0000000,0x00000000f3e00000)
  from space 25600K, 99% used [0x00000000f7300000,0x00000000f8bff948,0x00000000f8c00000)
  to   space 54272K, 0% used [0x00000000f3e00000,0x00000000f3e00000,0x00000000f7300000)
 ParOldGen       total 163840K, used 142319K [0x00000000a0000000, 0x00000000aa000000, 0x00000000e0000000)
  object space 163840K, 86% used [0x00000000a0000000,0x00000000a8afbdf0,0x00000000aa000000)
 Metaspace       used 99226K, capacity 102792K, committed 103128K, reserved 1138688K
  class space    used 12739K, capacity 13509K, committed 13568K, reserved 1048576K
Event: 329.293 GC heap after
Heap after GC invocations=25 (full 5):
 PSYoungGen      total 351232K, used 0K [0x00000000e0000000, 0x00000000fc280000, 0x0000000100000000)
  eden space 325632K, 0% used [0x00000000e0000000,0x00000000e0000000,0x00000000f3e00000)
  from space 25600K, 0% used [0x00000000f7300000,0x00000000f7300000,0x00000000f8c00000)
  to   space 54272K, 0% used [0x00000000f3e00000,0x00000000f3e00000,0x00000000f7300000)
 ParOldGen       total 291328K, used 162170K [0x00000000a0000000, 0x00000000b1c80000, 0x00000000e0000000)
  object space 291328K, 55% used [0x00000000a0000000,0x00000000a9e5e998,0x00000000b1c80000)
 Metaspace       used 99226K, capacity 102792K, committed 103128K, reserved 1138688K
  class space    used 12739K, capacity 13509K, committed 13568K, reserved 1048576K
}
Event: 333.108 GC heap before
{Heap before GC invocations=26 (full 5):
 PSYoungGen      total 351232K, used 325625K [0x00000000e0000000, 0x00000000fc280000, 0x0000000100000000)
  eden space 325632K, 99% used [0x00000000e0000000,0x00000000f3dfe640,0x00000000f3e00000)
  from space 25600K, 0% used [0x00000000f7300000,0x00000000f7300000,0x00000000f8c00000)
  to   space 54272K, 0% used [0x00000000f3e00000,0x00000000f3e00000,0x00000000f7300000)
 ParOldGen       total 291328K, used 162170K [0x00000000a0000000, 0x00000000b1c80000, 0x00000000e0000000)
  object space 291328K, 55% used [0x00000000a0000000,0x00000000a9e5e998,0x00000000b1c80000)
 Metaspace       used 101526K, capacity 105180K, committed 105432K, reserved 1140736K
  class space    used 12923K, capacity 13725K, committed 13824K, reserved 1048576K
Event: 333.159 GC heap after
Heap after GC invocations=26 (full 5):
 PSYoungGen      total 379904K, used 44344K [0x00000000e0000000, 0x00000000fdc00000, 0x0000000100000000)
  eden space 325632K, 0% used [0x00000000e0000000,0x00000000e0000000,0x00000000f3e00000)
  from space 54272K, 81% used [0x00000000f3e00000,0x00000000f694e2b8,0x00000000f7300000)
  to   space 60416K, 0% used [0x00000000fa100000,0x00000000fa100000,0x00000000fdc00000)
 ParOldGen       total 291328K, used 162178K [0x00000000a0000000, 0x00000000b1c80000, 0x00000000e0000000)
  object space 291328K, 55% used [0x00000000a0000000,0x00000000a9e60998,0x00000000b1c80000)
 Metaspace       used 101526K, capacity 105180K, committed 105432K, reserved 1140736K
  class space    used 12923K, capacity 13725K, committed 13824K, reserved 1048576K
}
Event: 339.898 GC heap before
{Heap before GC invocations=27 (full 5):
 PSYoungGen      total 379904K, used 369976K [0x00000000e0000000, 0x00000000fdc00000, 0x0000000100000000)
  eden space 325632K, 100% used [0x00000000e0000000,0x00000000f3e00000,0x00000000f3e00000)
  from space 54272K, 81% used [0x00000000f3e00000,0x00000000f694e2b8,0x00000000f7300000)
  to   space 60416K, 0% used [0x00000000fa100000,0x00000000fa100000,0x00000000fdc00000)
 ParOldGen       total 291328K, used 162178K [0x00000000a0000000, 0x00000000b1c80000, 0x00000000e0000000)
  object space 291328K, 55% used [0x00000000a0000000,0x00000000a9e60998,0x00000000b1c80000)
 Metaspace       used 113480K, capacity 117414K, committed 117848K, reserved 1150976K
  class space    used 14513K, capacity 15364K, committed 15488K, reserved 1048576K
Event: 340.065 GC heap after
Heap after GC invocations=27 (full 5):
 PSYoungGen      total 416256K, used 60400K [0x00000000e0000000, 0x00000000ff580000, 0x0000000100000000)
  eden space 355840K, 0% used [0x00000000e0000000,0x00000000e0000000,0x00000000f5b80000)
  from space 60416K, 99% used [0x00000000fa100000,0x00000000fdbfc0b0,0x00000000fdc00000)
  to   space 71168K, 0% used [0x00000000f5b80000,0x00000000f5b80000,0x00000000fa100000)
 ParOldGen       total 291328K, used 163737K [0x00000000a0000000, 0x00000000b1c80000, 0x00000000e0000000)
  object space 291328K, 56% used [0x00000000a0000000,0x00000000a9fe66a8,0x00000000b1c80000)
 Metaspace       used 113480K, capacity 117414K, committed 117848K, reserved 1150976K
  class space    used 14513K, capacity 15364K, committed 15488K, reserved 1048576K
}
Event: 345.122 GC heap before
{Heap before GC invocations=28 (full 5):
 PSYoungGen      total 416256K, used 407565K [0x00000000e0000000, 0x00000000ff580000, 0x0000000100000000)
  eden space 355840K, 97% used [0x00000000e0000000,0x00000000f53075d0,0x00000000f5b80000)
  from space 60416K, 99% used [0x00000000fa100000,0x00000000fdbfc0b0,0x00000000fdc00000)
  to   space 71168K, 0% used [0x00000000f5b80000,0x00000000f5b80000,0x00000000fa100000)
 ParOldGen       total 291328K, used 163737K [0x00000000a0000000, 0x00000000b1c80000, 0x00000000e0000000)
  object space 291328K, 56% used [0x00000000a0000000,0x00000000a9fe66a8,0x00000000b1c80000)
 Metaspace       used 121391K, capacity 125526K, committed 125784K, reserved 1159168K
  class space    used 15283K, capacity 16192K, committed 16256K, reserved 1048576K
Event: 345.223 GC heap after
Heap after GC invocations=28 (full 5):
 PSYoungGen      total 427008K, used 51241K [0x00000000e0000000, 0x0000000100000000, 0x0000000100000000)
  eden space 355840K, 0% used [0x00000000e0000000,0x00000000e0000000,0x00000000f5b80000)
  from space 71168K, 72% used [0x00000000f5b80000,0x00000000f8d8a7b0,0x00000000fa100000)
  to   space 76288K, 0% used [0x00000000fb580000,0x00000000fb580000,0x0000000100000000)
 ParOldGen       total 291328K, used 207639K [0x00000000a0000000, 0x00000000b1c80000, 0x00000000e0000000)
  object space 291328K, 71% used [0x00000000a0000000,0x00000000acac5e80,0x00000000b1c80000)
 Metaspace       used 121391K, capacity 125526K, committed 125784K, reserved 1159168K
  class space    used 15283K, capacity 16192K, committed 16256K, reserved 1048576K
}
Event: 349.192 GC heap before
{Heap before GC invocations=29 (full 5):
 PSYoungGen      total 427008K, used 407081K [0x00000000e0000000, 0x0000000100000000, 0x0000000100000000)
  eden space 355840K, 100% used [0x00000000e0000000,0x00000000f5b80000,0x00000000f5b80000)
  from space 71168K, 72% used [0x00000000f5b80000,0x00000000f8d8a7b0,0x00000000fa100000)
  to   space 76288K, 0% used [0x00000000fb580000,0x00000000fb580000,0x0000000100000000)
 ParOldGen       total 291328K, used 207639K [0x00000000a0000000, 0x00000000b1c80000, 0x00000000e0000000)
  object space 291328K, 71% used [0x00000000a0000000,0x00000000acac5e80,0x00000000b1c80000)
 Metaspace       used 131314K, capacity 136262K, committed 136536K, reserved 1169408K
  class space    used 16456K, capacity 17476K, committed 17536K, reserved 1048576K
Event: 349.247 GC heap after
Heap after GC invocations=29 (full 5):
 PSYoungGen      total 440832K, used 51419K [0x00000000e0000000, 0x0000000100000000, 0x0000000100000000)
  eden space 364544K, 0% used [0x00000000e0000000,0x00000000e0000000,0x00000000f6400000)
  from space 76288K, 67% used [0x00000000fb580000,0x00000000fe7b6c58,0x0000000100000000)
  to   space 79872K, 0% used [0x00000000f6400000,0x00000000f6400000,0x00000000fb200000)
 ParOldGen       total 291328K, used 207639K [0x00000000a0000000, 0x00000000b1c80000, 0x00000000e0000000)
  object space 291328K, 71% used [0x00000000a0000000,0x00000000acac5e80,0x00000000b1c80000)
 Metaspace       used 131314K, capacity 136262K, committed 136536K, reserved 1169408K
  class space    used 16456K, capacity 17476K, committed 17536K, reserved 1048576K
}

